[09:56:26] [main/INFO] (FabricLoader/GameProvider) Loading Minecraft 1.20.1 with Fabric Loader 0.16.4
[09:56:27] [main/INFO] (FabricLoader) Loading 60 mods:
	- fabric-api 0.92.2+1.20.1
	- fabric-api-base 0.4.31+1802ada577
	- fabric-api-lookup-api-v1 1.6.36+1802ada577
	- fabric-biome-api-v1 13.0.13+1802ada577
	- fabric-block-api-v1 1.0.11+1802ada577
	- fabric-block-view-api-v2 1.0.1+1802ada577
	- fabric-blockrenderlayer-v1 1.1.41+1802ada577
	- fabric-client-tags-api-v1 1.1.2+1802ada577
	- fabric-command-api-v1 1.2.34+f71b366f77
	- fabric-command-api-v2 2.2.13+1802ada577
	- fabric-commands-v0 0.2.51+df3654b377
	- fabric-containers-v0 0.1.64+df3654b377
	- fabric-content-registries-v0 4.0.11+1802ada577
	- fabric-convention-tags-v1 1.5.5+1802ada577
	- fabric-crash-report-info-v1 0.2.19+1802ada577
	- fabric-data-attachment-api-v1 1.0.0+de0fd6d177
	- fabric-data-generation-api-v1 12.3.4+1802ada577
	- fabric-dimensions-v1 2.1.54+1802ada577
	- fabric-entity-events-v1 1.6.0+1c78457f77
	- fabric-events-interaction-v0 0.6.2+1802ada577
	- fabric-events-lifecycle-v0 0.2.63+df3654b377
	- fabric-game-rule-api-v1 1.0.40+1802ada577
	- fabric-gametest-api-v1 1.2.13+1802ada577
	- fabric-item-api-v1 2.1.28+1802ada577
	- fabric-item-group-api-v1 4.0.12+1802ada577
	- fabric-key-binding-api-v1 1.0.37+1802ada577
	- fabric-keybindings-v0 0.2.35+df3654b377
	- fabric-lifecycle-events-v1 2.2.22+1802ada577
	- fabric-loot-api-v2 1.2.1+1802ada577
	- fabric-loot-tables-v1 1.1.45+9e7660c677
	- fabric-message-api-v1 5.1.9+1802ada577
	- fabric-mining-level-api-v1 2.1.50+1802ada577
	- fabric-model-loading-api-v1 1.0.3+1802ada577
	- fabric-models-v0 0.4.2+9386d8a777
	- fabric-networking-api-v1 1.3.11+1802ada577
	- fabric-networking-v0 0.3.51+df3654b377
	- fabric-object-builder-api-v1 11.1.3+1802ada577
	- fabric-particles-v1 1.1.2+1802ada577
	- fabric-recipe-api-v1 1.0.21+1802ada577
	- fabric-registry-sync-v0 2.3.3+1802ada577
	- fabric-renderer-api-v1 3.2.1+1802ada577
	- fabric-renderer-indigo 1.5.2+85287f9f77
	- fabric-renderer-registries-v1 3.2.46+df3654b377
	- fabric-rendering-data-attachment-v1 0.3.37+92a0d36777
	- fabric-rendering-fluids-v1 3.0.28+1802ada577
	- fabric-rendering-v0 1.1.49+df3654b377
	- fabric-rendering-v1 3.0.8+1802ada577
	- fabric-resource-conditions-api-v1 2.3.8+1802ada577
	- fabric-resource-loader-v0 0.11.10+1802ada577
	- fabric-screen-api-v1 2.0.8+1802ada577
	- fabric-screen-handler-api-v1 1.3.30+1802ada577
	- fabric-sound-api-v1 1.0.13+1802ada577
	- fabric-transfer-api-v1 3.3.5+8dd72ea377
	- fabric-transitive-access-wideners-v1 4.3.1+1802ada577
	- fabricloader 0.16.4
	- hmj 1.0
	- java 17
	- minecraft 1.20.1
	- mixinextras 0.4.1
	- modmenu 7.2.2
[09:56:27] [main/INFO] (FabricLoader/Mixin) SpongePowered MIXIN Subsystem Version=0.8.7 Source=file:/F:/.gradle/caches/modules-2/files-2.1/net.fabricmc/sponge-mixin/0.15.3+mixin.0.8.7/51ee0a44ab05f6fddd66b09e66b3a16904f9c55d/sponge-mixin-0.15.3+mixin.0.8.7.jar Service=Knot/Fabric Env=CLIENT
[09:56:27] [main/INFO] (FabricLoader/Mixin) Attempting to load Hot-Swap agent
[09:56:27] [main/INFO] (FabricLoader/Mixin) Loaded Fabric development mappings for mixin remapper!
[09:56:27] [main/INFO] (FabricLoader/Mixin) Compatibility level set to JAVA_16
[09:56:27] [main/INFO] (FabricLoader/Mixin) Compatibility level set to JAVA_17
[09:56:28] [main/INFO] (FabricLoader/Mixin/agent) Redefining class net/fabricmc/loader/impl/launch/knot/MixinServiceKnot
[09:56:28] [main/INFO] (FabricLoader/Mixin/agent) !!!!!!!!!!
[09:56:29] [main/INFO] (FabricLoader/MixinExtras|Service) Initializing MixinExtras via com.llamalad7.mixinextras.service.MixinExtrasServiceImpl(version=0.4.1).
[09:56:33] [Datafixer Bootstrap/INFO] (Minecraft) 188 Datafixer optimizations took 177 milliseconds
[09:56:35] [Render thread/INFO] (Minecraft) Environment: authHost='https://authserver.mojang.com', accountsHost='https://api.mojang.com', sessionHost='https://sessionserver.mojang.com', servicesHost='https://api.minecraftservices.com', name='PROD'
[09:56:36] [Render thread/ERROR] (Minecraft) Failed to verify authentication
com.mojang.authlib.exceptions.InvalidCredentialsException: Status: 401
	at com.mojang.authlib.exceptions.MinecraftClientHttpException.toAuthenticationException(MinecraftClientHttpException.java:56) ~[authlib-4.0.43.jar:?]
	at com.mojang.authlib.yggdrasil.YggdrasilUserApiService.fetchProperties(YggdrasilUserApiService.java:156) ~[authlib-4.0.43.jar:?]
	at com.mojang.authlib.yggdrasil.YggdrasilUserApiService.<init>(YggdrasilUserApiService.java:55) ~[authlib-4.0.43.jar:?]
	at com.mojang.authlib.yggdrasil.YggdrasilAuthenticationService.createUserApiService(YggdrasilAuthenticationService.java:124) ~[authlib-4.0.43.jar:?]
	at net.minecraft.client.MinecraftClient.createUserApiService(MinecraftClient.java:733) ~[minecraft-merged-7787b014d4-1.20.1-net.fabricmc.yarn.1_20_1.1.20.1+build.10-v2.jar:?]
	at net.minecraft.client.MinecraftClient.<init>(MinecraftClient.java:442) ~[minecraft-merged-7787b014d4-1.20.1-net.fabricmc.yarn.1_20_1.1.20.1+build.10-v2.jar:?]
	at net.minecraft.client.main.Main.main(Main.java:211) ~[minecraft-merged-7787b014d4-1.20.1-net.fabricmc.yarn.1_20_1.1.20.1+build.10-v2.jar:?]
	at net.fabricmc.loader.impl.game.minecraft.MinecraftGameProvider.launch(MinecraftGameProvider.java:480) ~[fabric-loader-0.16.4.jar:?]
	at net.fabricmc.loader.impl.launch.knot.Knot.launch(Knot.java:74) ~[fabric-loader-0.16.4.jar:?]
	at net.fabricmc.loader.impl.launch.knot.KnotClient.main(KnotClient.java:23) ~[fabric-loader-0.16.4.jar:?]
	at net.fabricmc.devlaunchinjector.Main.main(Main.java:86) ~[dev-launch-injector-0.2.1+build.8.jar:?]
Caused by: com.mojang.authlib.exceptions.MinecraftClientHttpException: Status: 401
	at com.mojang.authlib.minecraft.client.MinecraftClient.readInputStream(MinecraftClient.java:85) ~[authlib-4.0.43.jar:?]
	at com.mojang.authlib.minecraft.client.MinecraftClient.get(MinecraftClient.java:48) ~[authlib-4.0.43.jar:?]
	at com.mojang.authlib.yggdrasil.YggdrasilUserApiService.fetchProperties(YggdrasilUserApiService.java:129) ~[authlib-4.0.43.jar:?]
	... 9 more
[09:56:36] [Render thread/INFO] (Minecraft) Setting user: Player104
[09:56:36] [Render thread/INFO] (Indigo) [Indigo] Registering Indigo renderer!
[09:56:36] [Worker-Main-1/INFO] (Mod Menu/Update Checker) Checking mod updates...
[09:56:36] [Render thread/INFO] (Minecraft) [STDOUT]: [HotMixinAgent] Constructing NPOPTransformer...
[09:56:36] [Render thread/INFO] (Minecraft) [STDOUT]: [NewMixinUtils] Logging HotModInjector
[09:56:36] [Render thread/INFO] (Minecraft) [STDOUT]: [NewMixinUtils] Checking hmj.mixins.json
[09:56:36] [Render thread/INFO] (Minecraft) [STDOUT]: [NewMixinUtils] [INFO] class cn.ksmcbrigade.hmj.mixin.SimpleRegistryMixin
[09:56:36] [Render thread/INFO] (Minecraft) [STDOUT]: [NewMixinUtils] [INFO] class cn.ksmcbrigade.hmj.mixin.KeyBindingRegistryImplMixin
[09:56:36] [Render thread/INFO] (Minecraft) [STDOUT]: [NewMixinUtils] [INFO] class cn.ksmcbrigade.hmj.mixin.ex.HotInstallMod
[09:56:36] [Render thread/INFO] (Minecraft) [STDOUT]: [NewMixinUtils] [INFO] class cn.ksmcbrigade.hmj.mixin.TitleScreenMixin
[09:56:36] [Render thread/INFO] (Minecraft) [STDOUT]: [NewMixinUtils] [INFO] class cn.ksmcbrigade.hmj.mixin.accessors.GameOptionsAccessor
[09:56:36] [Render thread/INFO] (Minecraft) [STDOUT]: [NewMixinUtils] [INFO] class cn.ksmcbrigade.hmj.mixin.ClientTick
[09:56:36] [Render thread/INFO] (Minecraft) [STDOUT]: net.fabricmc.loader.impl.launch.knot.MixinServiceKnot
[09:56:36] [Render thread/INFO] (Minecraft) [STDOUT]: [HotMixinAgent] NPOPTransformer is running.
[09:56:37] [Render thread/INFO] (Minecraft) Backend library: LWJGL version 3.3.1 SNAPSHOT
[09:56:38] [Render thread/INFO] (Minecraft) Reloading ResourceManager: vanilla, fabric (fabric-data-generation-api-v1, fabric-recipe-api-v1, fabric-networking-v0, fabric-renderer-registries-v1, fabric-api-base, fabric-rendering-fluids-v1, fabric-entity-events-v1, fabric-item-api-v1, fabric-renderer-api-v1, fabric-rendering-v1, fabric-loot-api-v2, fabric-lifecycle-events-v1, fabric-data-attachment-api-v1, fabric-item-group-api-v1, fabric-client-tags-api-v1, fabric-block-view-api-v2, fabric-api-lookup-api-v1, fabric-api, fabric-resource-loader-v0, fabric-events-lifecycle-v0, fabric-object-builder-api-v1, fabric-biome-api-v1, fabric-screen-handler-api-v1, fabric-mining-level-api-v1, fabric-renderer-indigo, fabric-gametest-api-v1, fabric-screen-api-v1, fabric-game-rule-api-v1, fabric-content-registries-v0, fabric-containers-v0, fabric-particles-v1, fabric-registry-sync-v0, fabric-key-binding-api-v1, fabric-command-api-v1, fabric-transitive-access-wideners-v1, modmenu, fabric-block-api-v1, fabric-command-api-v2, fabric-transfer-api-v1, fabric-loot-tables-v1, fabric-rendering-data-attachment-v1, fabricloader, fabric-model-loading-api-v1, fabric-crash-report-info-v1, fabric-models-v0, fabric-message-api-v1, fabric-keybindings-v0, fabric-dimensions-v1, fabric-events-interaction-v0, fabric-blockrenderlayer-v1, fabric-networking-api-v1, fabric-resource-conditions-api-v1, fabric-commands-v0, fabric-rendering-v0, fabric-sound-api-v1, fabric-convention-tags-v1), file/mixinhotinjecttester-1.0.zip
[09:56:38] [Worker-Main-7/INFO] (Minecraft) Found unifont_all_no_pua-15.0.06.hex, loading
[09:56:39] [Realms Notification Availability checker #1/INFO] (Minecraft) Could not authorize you against Realms server: java.lang.RuntimeException: Failed to parse into SignedJWT: FabricMC
[09:56:40] [Render thread/WARN] (Minecraft) Missing sound for event: minecraft:item.goat_horn.play
[09:56:40] [Render thread/WARN] (Minecraft) Missing sound for event: minecraft:entity.goat.screaming.horn_break
[09:56:40] [Render thread/INFO] (Minecraft) OpenAL initialized on device OpenAL Soft on ÑïÉùÆ÷ (Realtek High Definition Audio)
[09:56:40] [Render thread/INFO] (Minecraft) Sound engine started
[09:56:40] [Render thread/INFO] (Minecraft) Created: 1024x512x4 minecraft:textures/atlas/blocks.png-atlas
[09:56:40] [Render thread/INFO] (Minecraft) Created: 256x256x4 minecraft:textures/atlas/signs.png-atlas
[09:56:40] [Render thread/INFO] (Minecraft) Created: 512x512x4 minecraft:textures/atlas/banner_patterns.png-atlas
[09:56:40] [Render thread/INFO] (Minecraft) Created: 512x512x4 minecraft:textures/atlas/shield_patterns.png-atlas
[09:56:40] [Render thread/INFO] (Minecraft) Created: 1024x1024x4 minecraft:textures/atlas/armor_trims.png-atlas
[09:56:40] [Render thread/INFO] (Minecraft) Created: 128x64x4 minecraft:textures/atlas/decorated_pot.png-atlas
[09:56:40] [Render thread/INFO] (Minecraft) Created: 256x256x4 minecraft:textures/atlas/chest.png-atlas
[09:56:40] [Render thread/INFO] (Minecraft) Created: 512x256x4 minecraft:textures/atlas/shulker_boxes.png-atlas
[09:56:40] [Render thread/INFO] (Minecraft) Created: 512x256x4 minecraft:textures/atlas/beds.png-atlas
[09:56:41] [Render thread/WARN] (Minecraft) Shader rendertype_entity_translucent_emissive could not find sampler named Sampler2 in the specified shader program.
[09:56:41] [Render thread/INFO] (Minecraft) Created: 256x256x0 minecraft:textures/atlas/particles.png-atlas
[09:56:41] [Render thread/INFO] (Minecraft) Created: 256x256x0 minecraft:textures/atlas/paintings.png-atlas
[09:56:41] [Render thread/INFO] (Minecraft) Created: 128x128x0 minecraft:textures/atlas/mob_effects.png-atlas
[09:56:53] [Render thread/WARN] (Mod Menu | FabricMod) Warning! Mod hmj has a broken icon, loading default icon
[09:57:22] [Render thread/INFO] (Minecraft) [STDOUT]: Setting the mod path...
[09:57:22] [Render thread/INFO] (Minecraft) [STDOUT]: Remapping...
[09:57:25] [Render thread/INFO] (Minecraft) [STDOUT]: Add the mixins...
[09:57:25] [Render thread/INFO] (Minecraft) [STDOUT]: [NewMixinUtils] Adding mixin config: mixinhotinjecttester.mixins.json
[09:57:25] [Render thread/INFO] (Minecraft) [STDOUT]: [NewMixinUtils] Apply mixin configs...
[09:57:25] [Render thread/INFO] (Minecraft) [STDOUT]: mixinhotinjecttester.mixins.json : []
[09:57:25] [Render thread/INFO] (Minecraft) [STDOUT]: [NewMixinUtils] Invoking MixinConfig::onSelect ...
[09:57:25] [Render thread/INFO] (Minecraft) [STDOUT]: mixinhotinjecttester.mixins.json : []
[09:57:25] [Render thread/INFO] (Minecraft) [STDOUT]: [NewMixinUtils] Got package: cn.ksmcbrigade.mixinhotinjecttester.mixin.
[09:57:25] [Render thread/INFO] (Minecraft) [STDOUT]: mixinhotinjecttester.mixins.json : []
[09:57:25] [Render thread/INFO] (Minecraft) [STDOUT]: [NewMixinUtils] Finding PlayerMixin.class in D:\MinecraftFabricMod\HotModInjector\run\.fabric\processedMods\mixinhotinjecttester-1.0-64b5720b4b825f21.jar
[09:57:25] [Render thread/INFO] (Minecraft) [STDOUT]: [NewMixinUtils] Found @Mixin annotation in bytecode
[09:57:25] [Render thread/INFO] (Minecraft) [STDOUT]: [NewMixinUtils] Got mixin and targets: class cn.ksmcbrigade.mixinhotinjecttester.mixin.PlayerMixin : [class net.minecraft.entity.player.PlayerEntity]
[09:57:25] [Render thread/INFO] (Minecraft) [STDOUT]: [NewMixinUtils] Finding ClientEntityManagerListenerMixin.class in D:\MinecraftFabricMod\HotModInjector\run\.fabric\processedMods\mixinhotinjecttester-1.0-64b5720b4b825f21.jar
[09:57:25] [Render thread/INFO] (Minecraft) [STDOUT]: [NewMixinUtils] Found @Mixin annotation in bytecode
[09:57:25] [Render thread/INFO] (Minecraft) [STDOUT]: [NewMixinUtils] Got mixin and targets: class cn.ksmcbrigade.mixinhotinjecttester.mixin.ClientEntityManagerListenerMixin : [class net.minecraft.client.world.ClientEntityManager$Listener]
[09:57:25] [Render thread/INFO] (Minecraft) [STDOUT]: [NewMixinUtils] Finding MultiplayerScreenMixin.class in D:\MinecraftFabricMod\HotModInjector\run\.fabric\processedMods\mixinhotinjecttester-1.0-64b5720b4b825f21.jar
[09:57:25] [Render thread/INFO] (Minecraft) [STDOUT]: [NewMixinUtils] Found @Mixin annotation in bytecode
[09:57:25] [Render thread/INFO] (Minecraft) [STDOUT]: [NewMixinUtils] Got mixin and targets: class cn.ksmcbrigade.mixinhotinjecttester.mixin.MultiplayerScreenMixin : [class net.minecraft.client.gui.screen.multiplayer.MultiplayerScreen]
[09:57:25] [Render thread/INFO] (Minecraft) [STDOUT]: [NewMixinUtils] Finding TitleScreenMixin.class in D:\MinecraftFabricMod\HotModInjector\run\.fabric\processedMods\mixinhotinjecttester-1.0-64b5720b4b825f21.jar
[09:57:25] [Render thread/INFO] (Minecraft) [STDOUT]: [NewMixinUtils] Found @Mixin annotation in bytecode
[09:57:25] [Render thread/INFO] (Minecraft) [STDOUT]: [NewMixinUtils] Got mixin and targets: class cn.ksmcbrigade.mixinhotinjecttester.mixin.TitleScreenMixin : [class net.minecraft.client.gui.screen.TitleScreen]
[09:57:25] [Render thread/INFO] (Minecraft) [STDOUT]: [NewMixinUtils] Invoking MixinConfig::prepareMixins ...
[09:57:25] [Render thread/INFO] (Minecraft) [STDOUT]: [NewMixinUtils] Adding mixinhotinjecttester.mixins.json
[09:57:25] [Render thread/INFO] (Minecraft) [STDOUT]: [NewMixinUtils] logMixinsForTargetClass: [mixinhotinjecttester.mixins.json:MultiplayerScreenMixin from mod mixinhotinjecttester]
[09:57:25] [Render thread/INFO] (Minecraft) [STDOUT]: [NewMixinUtils] [redefineTargetClass] Redefining class net.minecraft.client.gui.screen.multiplayer.MultiplayerScreen
[09:57:25] [Render thread/INFO] (Minecraft) [STDOUT]: [HotMixinAgent] Retransforming net/minecraft/client/gui/screen/multiplayer/MultiplayerScreen
[09:57:25] [Render thread/INFO] (FabricLoader/Mixin/agent) Redefining class net/minecraft/client/gui/screen/multiplayer/MultiplayerScreen
[09:57:26] [Render thread/ERROR] (Minecraft) Reported exception thrown!
net.minecraft.util.crash.CrashException: mouseClicked event handler
	at net.minecraft.client.gui.screen.Screen.wrapScreenError(Screen.java:414) ~[minecraft-merged-7787b014d4-1.20.1-net.fabricmc.yarn.1_20_1.1.20.1+build.10-v2.jar:?]
	at net.minecraft.client.Mouse.onMouseButton(Mouse.java:98) ~[minecraft-merged-7787b014d4-1.20.1-net.fabricmc.yarn.1_20_1.1.20.1+build.10-v2.jar:?]
	at net.minecraft.client.Mouse.method_22686(Mouse.java:169) ~[minecraft-merged-7787b014d4-1.20.1-net.fabricmc.yarn.1_20_1.1.20.1+build.10-v2.jar:?]
	at net.minecraft.util.thread.ThreadExecutor.execute(ThreadExecutor.java:102) ~[minecraft-merged-7787b014d4-1.20.1-net.fabricmc.yarn.1_20_1.1.20.1+build.10-v2.jar:?]
	at net.minecraft.client.Mouse.method_22684(Mouse.java:169) ~[minecraft-merged-7787b014d4-1.20.1-net.fabricmc.yarn.1_20_1.1.20.1+build.10-v2.jar:?]
	at org.lwjgl.glfw.GLFWMouseButtonCallbackI.callback(GLFWMouseButtonCallbackI.java:43) ~[lwjgl-glfw-3.3.1.jar:build 7]
	at org.lwjgl.system.JNI.invokeV(Native Method) ~[lwjgl-3.3.1.jar:build 7]
	at org.lwjgl.glfw.GLFW.glfwPollEvents(GLFW.java:3403) ~[lwjgl-glfw-3.3.1.jar:build 7]
	at com.mojang.blaze3d.systems.RenderSystem.pollEvents(RenderSystem.java:201) ~[minecraft-merged-7787b014d4-1.20.1-net.fabricmc.yarn.1_20_1.1.20.1+build.10-v2.jar:?]
	at com.mojang.blaze3d.systems.RenderSystem.flipFrame(RenderSystem.java:212) ~[minecraft-merged-7787b014d4-1.20.1-net.fabricmc.yarn.1_20_1.1.20.1+build.10-v2.jar:?]
	at net.minecraft.client.util.Window.swapBuffers(Window.java:288) ~[minecraft-merged-7787b014d4-1.20.1-net.fabricmc.yarn.1_20_1.1.20.1+build.10-v2.jar:?]
	at net.minecraft.client.MinecraftClient.render(MinecraftClient.java:1241) ~[minecraft-merged-7787b014d4-1.20.1-net.fabricmc.yarn.1_20_1.1.20.1+build.10-v2.jar:?]
	at net.minecraft.client.MinecraftClient.run(MinecraftClient.java:802) ~[minecraft-merged-7787b014d4-1.20.1-net.fabricmc.yarn.1_20_1.1.20.1+build.10-v2.jar:?]
	at net.minecraft.client.main.Main.main(Main.java:250) ~[minecraft-merged-7787b014d4-1.20.1-net.fabricmc.yarn.1_20_1.1.20.1+build.10-v2.jar:?]
	at net.fabricmc.loader.impl.game.minecraft.MinecraftGameProvider.launch(MinecraftGameProvider.java:480) ~[fabric-loader-0.16.4.jar:?]
	at net.fabricmc.loader.impl.launch.knot.Knot.launch(Knot.java:74) ~[fabric-loader-0.16.4.jar:?]
	at net.fabricmc.loader.impl.launch.knot.KnotClient.main(KnotClient.java:23) ~[fabric-loader-0.16.4.jar:?]
	at net.fabricmc.devlaunchinjector.Main.main(Main.java:86) ~[dev-launch-injector-0.2.1+build.8.jar:?]
Caused by: java.lang.UnsupportedOperationException: class redefinition failed: attempted to add a method
	at sun.instrument.InstrumentationImpl.redefineClasses0(Native Method) ~[?:?]
	at sun.instrument.InstrumentationImpl.redefineClasses(InstrumentationImpl.java:195) ~[?:?]
	at cn.ksmcbrigade.hmj.utils.NewMixinUtils.redefineTargetClass(NewMixinUtils.java:169) ~[main/:?]
	at cn.ksmcbrigade.hmj.utils.NewMixinUtils.initAndInjectMixins(NewMixinUtils.java:137) ~[main/:?]
	at cn.ksmcbrigade.hmj.utils.ModInjector.install(ModInjector.java:166) ~[main/:?]
	at com.terraformersmc.modmenu.gui.ModsScreen.handler$zkf000$hmj$installMod(ModsScreen.java:554) ~[modmenu-7.2.2.jar:?]
	at com.terraformersmc.modmenu.gui.ModsScreen.lambda$filesDragged$14(ModsScreen.java:452) ~[modmenu-7.2.2.jar:?]
	at net.minecraft.client.gui.screen.ConfirmScreen.method_37054(ConfirmScreen.java:55) ~[minecraft-merged-7787b014d4-1.20.1-net.fabricmc.yarn.1_20_1.1.20.1+build.10-v2.jar:?]
	at net.minecraft.client.gui.widget.ButtonWidget.onPress(ButtonWidget.java:94) ~[minecraft-merged-7787b014d4-1.20.1-net.fabricmc.yarn.1_20_1.1.20.1+build.10-v2.jar:?]
	at net.minecraft.client.gui.widget.PressableWidget.onClick(PressableWidget.java:56) ~[minecraft-merged-7787b014d4-1.20.1-net.fabricmc.yarn.1_20_1.1.20.1+build.10-v2.jar:?]
	at net.minecraft.client.gui.widget.ClickableWidget.mouseClicked(ClickableWidget.java:189) ~[minecraft-merged-7787b014d4-1.20.1-net.fabricmc.yarn.1_20_1.1.20.1+build.10-v2.jar:?]
	at net.minecraft.client.gui.ParentElement.mouseClicked(ParentElement.java:38) ~[minecraft-merged-7787b014d4-1.20.1-net.fabricmc.yarn.1_20_1.1.20.1+build.10-v2.jar:?]
	at net.minecraft.client.Mouse.method_1611(Mouse.java:98) ~[minecraft-merged-7787b014d4-1.20.1-net.fabricmc.yarn.1_20_1.1.20.1+build.10-v2.jar:?]
	at net.minecraft.client.gui.screen.Screen.wrapScreenError(Screen.java:409) ~[minecraft-merged-7787b014d4-1.20.1-net.fabricmc.yarn.1_20_1.1.20.1+build.10-v2.jar:?]
	... 17 more
